This is pdfTeX, Version 3.141592653-2.6-1.40.23 (MiKTeX 21.10) (preloaded format=pdflatex 2021.11.18)  22 APR 2022 15:09
entering extended mode
**./main.tex
(main.tex
LaTeX2e <2021-11-15>
L3 programming layer <2021-11-12>
(C:\Program Files\MiKTeX\tex/latex/base\article.cls
Document Class: article 2021/10/04 v1.4n Standard LaTeX document class
(C:\Program Files\MiKTeX\tex/latex/base\size10.clo
File: size10.clo 2021/10/04 v1.4n Standard LaTeX file (size option)
)
\c@part=\count183
\c@section=\count184
\c@subsection=\count185
\c@subsubsection=\count186
\c@paragraph=\count187
\c@subparagraph=\count188
\c@figure=\count189
\c@table=\count190
\abovecaptionskip=\skip47
\belowcaptionskip=\skip48
\bibindent=\dimen138
)
(C:\Program Files\MiKTeX\tex/latex/base\inputenc.sty
Package: inputenc 2021/02/14 v1.3d Input encoding file
\inpenc@prehook=\toks16
\inpenc@posthook=\toks17
)
(C:\Users\galli\AppData\Roaming\MiKTeX\tex/latex/comment\comment.sty
\CommentStream=\write3

Excluding comment 'comment')
(C:\Program Files\MiKTeX\tex/latex/graphics\graphicx.sty
Package: graphicx 2021/09/16 v1.2d Enhanced LaTeX Graphics (DPC,SPQR)

(C:\Program Files\MiKTeX\tex/latex/graphics\keyval.sty
Package: keyval 2014/10/28 v1.15 key=value parser (DPC)
\KV@toks@=\toks18
)
(C:\Program Files\MiKTeX\tex/latex/graphics\graphics.sty
Package: graphics 2021/03/04 v1.4d Standard LaTeX Graphics (DPC,SPQR)

(C:\Program Files\MiKTeX\tex/latex/graphics\trig.sty
Package: trig 2021/08/11 v1.11 sin cos tan (DPC)
)
(C:\Program Files\MiKTeX\tex/latex/graphics-cfg\graphics.cfg
File: graphics.cfg 2016/06/04 v1.11 sample graphics configuration
)
Package graphics Info: Driver file: pdftex.def on input line 107.

(C:\Program Files\MiKTeX\tex/latex/graphics-def\pdftex.def
File: pdftex.def 2020/10/05 v1.2a Graphics/color driver for pdftex
))
\Gin@req@height=\dimen139
\Gin@req@width=\dimen140
)
(C:\Users\galli\AppData\Roaming\MiKTeX\tex/latex/geometry\geometry.sty
Package: geometry 2020/01/02 v5.9 Page Geometry

(C:\Program Files\MiKTeX\tex/generic/iftex\ifvtex.sty
Package: ifvtex 2019/10/25 v1.7 ifvtex legacy package. Use iftex instead.

(C:\Program Files\MiKTeX\tex/generic/iftex\iftex.sty
Package: iftex 2020/03/06 v1.0d TeX engine tests
))
\Gm@cnth=\count191
\Gm@cntv=\count192
\c@Gm@tempcnt=\count193
\Gm@bindingoffset=\dimen141
\Gm@wd@mp=\dimen142
\Gm@odd@mp=\dimen143
\Gm@even@mp=\dimen144
\Gm@layoutwidth=\dimen145
\Gm@layoutheight=\dimen146
\Gm@layouthoffset=\dimen147
\Gm@layoutvoffset=\dimen148
\Gm@dimlist=\toks19

(C:\Users\galli\AppData\Roaming\MiKTeX\tex/latex/geometry\geometry.cfg))
(C:\Program Files\MiKTeX\tex/latex/amsmath\amsmath.sty
Package: amsmath 2021/10/15 v2.17l AMS math features
\@mathmargin=\skip49

For additional information on amsmath, use the `?' option.
(C:\Program Files\MiKTeX\tex/latex/amsmath\amstext.sty
Package: amstext 2021/08/26 v2.01 AMS text

(C:\Program Files\MiKTeX\tex/latex/amsmath\amsgen.sty
File: amsgen.sty 1999/11/30 v2.0 generic functions
\@emptytoks=\toks20
\ex@=\dimen149
))
(C:\Program Files\MiKTeX\tex/latex/amsmath\amsbsy.sty
Package: amsbsy 1999/11/29 v1.2d Bold Symbols
\pmbraise@=\dimen150
)
(C:\Program Files\MiKTeX\tex/latex/amsmath\amsopn.sty
Package: amsopn 2021/08/26 v2.02 operator names
)
\inf@bad=\count194
LaTeX Info: Redefining \frac on input line 234.
\uproot@=\count195
\leftroot@=\count196
LaTeX Info: Redefining \overline on input line 399.
\classnum@=\count197
\DOTSCASE@=\count198
LaTeX Info: Redefining \ldots on input line 496.
LaTeX Info: Redefining \dots on input line 499.
LaTeX Info: Redefining \cdots on input line 620.
\Mathstrutbox@=\box50
\strutbox@=\box51
\big@size=\dimen151
LaTeX Font Info:    Redeclaring font encoding OML on input line 743.
LaTeX Font Info:    Redeclaring font encoding OMS on input line 744.
\macc@depth=\count199
\c@MaxMatrixCols=\count266
\dotsspace@=\muskip16
\c@parentequation=\count267
\dspbrk@lvl=\count268
\tag@help=\toks21
\row@=\count269
\column@=\count270
\maxfields@=\count271
\andhelp@=\toks22
\eqnshift@=\dimen152
\alignsep@=\dimen153
\tagshift@=\dimen154
\tagwidth@=\dimen155
\totwidth@=\dimen156
\lineht@=\dimen157
\@envbody=\toks23
\multlinegap=\skip50
\multlinetaggap=\skip51
\mathdisplay@stack=\toks24
LaTeX Info: Redefining \[ on input line 2938.
LaTeX Info: Redefining \] on input line 2939.
)
(C:\Users\galli\AppData\Roaming\MiKTeX\tex/latex/float\float.sty
Package: float 2001/11/08 v1.3d Float enhancements (AL)
\c@float@type=\count272
\float@exts=\toks25
\float@box=\box52
\@float@everytoks=\toks26
\@floatcapt=\box53
)
(C:\Users\galli\AppData\Roaming\MiKTeX\tex/latex/subfig\subfig.sty
Package: subfig 2005/06/28 ver: 1.3 subfig package

(C:\Users\galli\AppData\Roaming\MiKTeX\tex/latex/caption\caption.sty
Package: caption 2020/10/26 v3.5g Customizing captions (AR)

(C:\Users\galli\AppData\Roaming\MiKTeX\tex/latex/caption\caption3.sty
Package: caption3 2020/10/21 v2.2e caption3 kernel (AR)
\captionmargin=\dimen158
\captionmargin@=\dimen159
\captionwidth=\dimen160
\caption@tempdima=\dimen161
\caption@indent=\dimen162
\caption@parindent=\dimen163
\caption@hangindent=\dimen164
Package caption Info: Standard document class detected.
)
\c@caption@flags=\count273
\c@continuedfloat=\count274
Package caption Info: float package is loaded.
)
\c@KVtest=\count275
\sf@farskip=\skip52
\sf@captopadj=\dimen165
\sf@capskip=\skip53
\sf@nearskip=\skip54
\c@subfigure=\count276
\c@subfigure@save=\count277
\c@lofdepth=\count278
\c@subtable=\count279
\c@subtable@save=\count280
\c@lotdepth=\count281
\sf@top=\skip55
\sf@bottom=\skip56
)
(C:\Users\galli\AppData\Roaming\MiKTeX\tex/latex/threeparttable\threeparttable.
sty
Package: threeparttable 2003/06/13  v 3.0
\@tempboxb=\box54
) (C:\Users\galli\AppData\Roaming\MiKTeX\tex/latex/booktabs\booktabs.sty
Package: booktabs 2020/01/12 v1.61803398 Publication quality tables
\heavyrulewidth=\dimen166
\lightrulewidth=\dimen167
\cmidrulewidth=\dimen168
\belowrulesep=\dimen169
\belowbottomsep=\dimen170
\aboverulesep=\dimen171
\abovetopsep=\dimen172
\cmidrulesep=\dimen173
\cmidrulekern=\dimen174
\defaultaddspace=\dimen175
\@cmidla=\count282
\@cmidlb=\count283
\@aboverulesep=\dimen176
\@belowrulesep=\dimen177
\@thisruleclass=\count284
\@lastruleclass=\count285
\@thisrulewidth=\dimen178
)
(C:\Users\galli\AppData\Roaming\MiKTeX\tex/latex/footmisc\footmisc.sty
Package: footmisc 2011/06/06 v5.5b a miscellany of footnote facilities
\FN@temptoken=\toks27
\footnotemargin=\dimen179
\c@pp@next@reset=\count286
Package footmisc Info: Declaring symbol style bringhurst on input line 855.
Package footmisc Info: Declaring symbol style chicago on input line 863.
Package footmisc Info: Declaring symbol style wiley on input line 872.
Package footmisc Info: Declaring symbol style lamport-robust on input line 883.

Package footmisc Info: Declaring symbol style lamport* on input line 903.
Package footmisc Info: Declaring symbol style lamport*-robust on input line 924
.
)
(C:\Users\galli\AppData\Roaming\MiKTeX\tex/latex/dblfloatfix\dblfloatfix.sty
Package: dblfloatfix 2012/12/31 v1.0a (JAW)

(C:\Program Files\MiKTeX\tex/latex/base\fixltx2e.sty
Package: fixltx2e 2016/12/29 v2.1a fixes to LaTeX (obsolete)
Applying: [2015/01/01] Old fixltx2e package on input line 46.


Package fixltx2e Warning: fixltx2e is not required with releases after 2015
(fixltx2e)                All fixes are now in the LaTeX kernel.
(fixltx2e)                See the latexrelease package for details.

Already applied: [0000/00/00] Old fixltx2e package on input line 53.
)
\@dblbotnum=\count287
\c@dblbotnumber=\count288
) (C:\Program Files\MiKTeX\tex/latex/tools\array.sty
Package: array 2021/10/04 v2.5f Tabular extension package (FMi)
\col@sep=\dimen180
\ar@mcellbox=\box55
\extrarowheight=\dimen181
\NC@list=\toks28
\extratabsurround=\skip57
\backup@length=\skip58
\ar@cellbox=\box56
)
(C:\Program Files\MiKTeX\tex/latex/amsfonts\amsfonts.sty
Package: amsfonts 2013/01/14 v3.01 Basic AMSFonts support
\symAMSa=\mathgroup4
\symAMSb=\mathgroup5
LaTeX Font Info:    Redeclaring math symbol \hbar on input line 98.
LaTeX Font Info:    Overwriting math alphabet `\mathfrak' in version `bold'
(Font)                  U/euf/m/n --> U/euf/b/n on input line 106.
)
(C:\Users\galli\AppData\Roaming\MiKTeX\tex/latex/setspace\setspace.sty
Package: setspace 2011/12/19 v6.7a set line spacing
)
(C:\Users\galli\AppData\Roaming\MiKTeX\tex/latex/enumitem\enumitem.sty
Package: enumitem 2019/06/20 v3.9 Customized lists
\labelindent=\skip59
\enit@outerparindent=\dimen182
\enit@toks=\toks29
\enit@inbox=\box57
\enit@count@id=\count289
\enitdp@description=\count290
)
(C:\Users\galli\AppData\Roaming\MiKTeX\tex/latex/was\gensymb.sty
Package: gensymb 2003/07/02 v1.0 (WaS)
)
(C:\Program Files\MiKTeX\tex/latex/l3backend\l3backend-pdftex.def
File: l3backend-pdftex.def 2021-10-18 L3 backend support: PDF output (pdfTeX)
\l__color_backend_stack_int=\count291
\l__pdf_internal_box=\box58
) (main.aux)
\openout1 = `main.aux'.

LaTeX Font Info:    Checking defaults for OML/cmm/m/it on input line 32.
LaTeX Font Info:    ... okay on input line 32.
LaTeX Font Info:    Checking defaults for OMS/cmsy/m/n on input line 32.
LaTeX Font Info:    ... okay on input line 32.
LaTeX Font Info:    Checking defaults for OT1/cmr/m/n on input line 32.
LaTeX Font Info:    ... okay on input line 32.
LaTeX Font Info:    Checking defaults for T1/cmr/m/n on input line 32.
LaTeX Font Info:    ... okay on input line 32.
LaTeX Font Info:    Checking defaults for TS1/cmr/m/n on input line 32.
LaTeX Font Info:    ... okay on input line 32.
LaTeX Font Info:    Checking defaults for OMX/cmex/m/n on input line 32.
LaTeX Font Info:    ... okay on input line 32.
LaTeX Font Info:    Checking defaults for U/cmr/m/n on input line 32.
LaTeX Font Info:    ... okay on input line 32.

(C:\Program Files\MiKTeX\tex/context/base/mkii\supp-pdf.mkii
[Loading MPS to PDF converter (version 2006.09.02).]
\scratchcounter=\count292
\scratchdimen=\dimen183
\scratchbox=\box59
\nofMPsegments=\count293
\nofMParguments=\count294
\everyMPshowfont=\toks30
\MPscratchCnt=\count295
\MPscratchDim=\dimen184
\MPnumerator=\count296
\makeMPintoPDFobject=\count297
\everyMPtoPDFconversion=\toks31
) (C:\Program Files\MiKTeX\tex/latex/epstopdf-pkg\epstopdf-base.sty
Package: epstopdf-base 2020-01-24 v2.11 Base part for package epstopdf
Package epstopdf-base Info: Redefining graphics rule for `.eps' on input line 4
85.

(C:\Program Files\MiKTeX\tex/latex/00miktex\epstopdf-sys.cfg
File: epstopdf-sys.cfg 2021/03/18 v2.0 Configuration of epstopdf for MiKTeX
))
*geometry* driver: auto-detecting
*geometry* detected driver: pdftex
*geometry* verbose mode - [ preamble ] result:
* driver: pdftex
* paper: a4paper
* layout: <same size as paper>
* layoutoffset:(h,v)=(0.0pt,0.0pt)
* modes: 
* h-part:(L,W,R)=(56.9055pt, 483.69687pt, 56.9055pt)
* v-part:(T,H,B)=(56.9055pt, 686.7347pt, 101.40665pt)
* \paperwidth=597.50787pt
* \paperheight=845.04684pt
* \textwidth=483.69687pt
* \textheight=686.7347pt
* \oddsidemargin=-15.36449pt
* \evensidemargin=-15.36449pt
* \topmargin=-52.36449pt
* \headheight=12.0pt
* \headsep=25.0pt
* \topskip=10.0pt
* \footskip=30.0pt
* \marginparwidth=65.0pt
* \marginparsep=11.0pt
* \columnsep=10.0pt
* \skip\footins=9.0pt plus 4.0pt minus 2.0pt
* \hoffset=0.0pt
* \voffset=0.0pt
* \mag=1000
* \@twocolumnfalse
* \@twosidefalse
* \@mparswitchfalse
* \@reversemarginfalse
* (1in=72.27pt=25.4mm, 1cm=28.453pt)

Package caption Info: Begin \AtBeginDocument code.
Package caption Info: subfig package v1.3 is loaded.
Package caption Info: threeparttable package is loaded.
Package caption Info: End \AtBeginDocument code.
LaTeX Info: Redefining \celsius on input line 32.
Package gensymb Info: Faking symbols for \degree and \celsius on input line 32.


Package gensymb Warning: Not defining \perthousand.

LaTeX Info: Redefining \ohm on input line 32.
Package gensymb Info: Using \Omega for \ohm on input line 32.

Package gensymb Warning: Not defining \micro.

<Figures/Fig3_original.png, id=1, 363.102pt x 218.124pt>
File: Figures/Fig3_original.png Graphic file (type png)
<use Figures/Fig3_original.png>
Package pdftex.def Info: Figures/Fig3_original.png  used on input line 42.
(pdftex.def)             Requested size: 232.17242pt x 139.47238pt.
<Figures/Fig4_original.png, id=2, 362.007pt x 217.467pt>
File: Figures/Fig4_original.png Graphic file (type png)
<use Figures/Fig4_original.png>
Package pdftex.def Info: Figures/Fig4_original.png  used on input line 44.
(pdftex.def)             Requested size: 232.17242pt x 139.47371pt.
File: Figures/Fig3_original.png Graphic file (type png)
<use Figures/Fig3_original.png>
Package pdftex.def Info: Figures/Fig3_original.png  used on input line 52.
(pdftex.def)             Requested size: 232.17242pt x 139.47238pt.
<Figures/Fig3_10pct.png, id=3, 362.007pt x 217.467pt>
File: Figures/Fig3_10pct.png Graphic file (type png)
<use Figures/Fig3_10pct.png>
Package pdftex.def Info: Figures/Fig3_10pct.png  used on input line 54.
(pdftex.def)             Requested size: 232.17242pt x 139.47371pt.
File: Figures/Fig4_original.png Graphic file (type png)
<use Figures/Fig4_original.png>
Package pdftex.def Info: Figures/Fig4_original.png  used on input line 62.
(pdftex.def)             Requested size: 232.17242pt x 139.47371pt.
<Figures/Fig4_10pct.png, id=4, 362.007pt x 217.467pt>
File: Figures/Fig4_10pct.png Graphic file (type png)
<use Figures/Fig4_10pct.png>
Package pdftex.def Info: Figures/Fig4_10pct.png  used on input line 64.
(pdftex.def)             Requested size: 232.17242pt x 139.47371pt.
[1

{C:/Users/galli/AppData/Local/MiKTeX/pdftex/config/pdftex.map} <./Figures/Fig3_
original.png> <./Figures/Fig4_original.png> <./Figures/Fig3_10pct.png>]
LaTeX Font Info:    Trying to load font information for U+msa on input line 71.


(C:\Program Files\MiKTeX\tex/latex/amsfonts\umsa.fd
File: umsa.fd 2013/01/14 v3.01 AMS symbols A
)
LaTeX Font Info:    Trying to load font information for U+msb on input line 71.


(C:\Program Files\MiKTeX\tex/latex/amsfonts\umsb.fd
File: umsb.fd 2013/01/14 v3.01 AMS symbols B
)
<Figures/Fig3_comp_10pct.png, id=15, 362.007pt x 217.467pt>
File: Figures/Fig3_comp_10pct.png Graphic file (type png)
<use Figures/Fig3_comp_10pct.png>
Package pdftex.def Info: Figures/Fig3_comp_10pct.png  used on input line 76.
(pdftex.def)             Requested size: 232.17242pt x 139.47371pt.
<Figures/Fig4_comp_10pct.png, id=16, 362.007pt x 217.467pt>
File: Figures/Fig4_comp_10pct.png Graphic file (type png)
<use Figures/Fig4_comp_10pct.png>
Package pdftex.def Info: Figures/Fig4_comp_10pct.png  used on input line 78.
(pdftex.def)             Requested size: 232.17242pt x 139.47371pt.
<Figures/Fig3_comp_10pct_optionB.png, id=17, 362.007pt x 217.467pt>
File: Figures/Fig3_comp_10pct_optionB.png Graphic file (type png)
<use Figures/Fig3_comp_10pct_optionB.png>
Package pdftex.def Info: Figures/Fig3_comp_10pct_optionB.png  used on input lin
e 79.
(pdftex.def)             Requested size: 232.17242pt x 139.47371pt.
 [2 <./Figures/Fig4_10pct.png> <./Figures/Fig3_comp_10pct.png> <./Figures/Fig4_
comp_10pct.png> <./Figures/Fig3_comp_10pct_optionB.png>]
File: Figures/Fig3_original.png Graphic file (type png)
<use Figures/Fig3_original.png>
Package pdftex.def Info: Figures/Fig3_original.png  used on input line 92.
(pdftex.def)             Requested size: 232.17242pt x 139.47238pt.
<Figures/Fig3_90pct.png, id=27, 363.102pt x 218.124pt>
File: Figures/Fig3_90pct.png Graphic file (type png)
<use Figures/Fig3_90pct.png>
Package pdftex.def Info: Figures/Fig3_90pct.png  used on input line 94.
(pdftex.def)             Requested size: 232.17242pt x 139.47238pt.
File: Figures/Fig4_original.png Graphic file (type png)
<use Figures/Fig4_original.png>
Package pdftex.def Info: Figures/Fig4_original.png  used on input line 106.
(pdftex.def)             Requested size: 232.17242pt x 139.47371pt.
<Figures/Fig4_90pct.png, id=28, 363.321pt x 218.124pt>
File: Figures/Fig4_90pct.png Graphic file (type png)
<use Figures/Fig4_90pct.png>
Package pdftex.def Info: Figures/Fig4_90pct.png  used on input line 108.
(pdftex.def)             Requested size: 232.17242pt x 139.38918pt.
 [3 <./Figures/Fig3_90pct.png> <./Figures/Fig4_90pct.png>]
<Figures/Fig3_comp_90pct.png, id=34, 362.007pt x 217.467pt>
File: Figures/Fig3_comp_90pct.png Graphic file (type png)
<use Figures/Fig3_comp_90pct.png>
Package pdftex.def Info: Figures/Fig3_comp_90pct.png  used on input line 119.
(pdftex.def)             Requested size: 232.17242pt x 139.47371pt.
<Figures/Fig4_comp_90pct.png, id=35, 362.007pt x 217.467pt>
File: Figures/Fig4_comp_90pct.png Graphic file (type png)
<use Figures/Fig4_comp_90pct.png>
Package pdftex.def Info: Figures/Fig4_comp_90pct.png  used on input line 121.
(pdftex.def)             Requested size: 232.17242pt x 139.47371pt.
<Figures/Fig3_comp_90pct_optionB.png, id=36, 362.007pt x 217.467pt>
File: Figures/Fig3_comp_90pct_optionB.png Graphic file (type png)
<use Figures/Fig3_comp_90pct_optionB.png>
Package pdftex.def Info: Figures/Fig3_comp_90pct_optionB.png  used on input lin
e 122.
(pdftex.def)             Requested size: 232.17242pt x 139.47371pt.
<Figures/Gamma_comparison_deciles.png, id=37, 362.007pt x 217.467pt>
File: Figures/Gamma_comparison_deciles.png Graphic file (type png)
<use Figures/Gamma_comparison_deciles.png>
Package pdftex.def Info: Figures/Gamma_comparison_deciles.png  used on input li
ne 138.
(pdftex.def)             Requested size: 232.17242pt x 139.47371pt.
<Figures/Gamma_differences_deciles.png, id=38, 362.007pt x 217.467pt>
File: Figures/Gamma_differences_deciles.png Graphic file (type png)
<use Figures/Gamma_differences_deciles.png>
Package pdftex.def Info: Figures/Gamma_differences_deciles.png  used on input l
ine 140.
(pdftex.def)             Requested size: 232.17242pt x 139.47371pt.
 [4 <./Figures/Fig3_comp_90pct.png> <./Figures/Fig4_comp_90pct.png> <./Figures/
Fig3_comp_90pct_optionB.png>]
<Figures/Gamma_comparisons.png, id=45, 361.788pt x 217.467pt>
File: Figures/Gamma_comparisons.png Graphic file (type png)
<use Figures/Gamma_comparisons.png>
Package pdftex.def Info: Figures/Gamma_comparisons.png  used on input line 152.

(pdftex.def)             Requested size: 232.17242pt x 139.55667pt.
<Figures/Gamma_differences.png, id=46, 362.007pt x 217.467pt>
File: Figures/Gamma_differences.png Graphic file (type png)
<use Figures/Gamma_differences.png>
Package pdftex.def Info: Figures/Gamma_differences.png  used on input line 154.

(pdftex.def)             Requested size: 232.17242pt x 139.47371pt.
<Figures/Fig5_corr_2014.png, id=47, 362.007pt x 217.467pt>
File: Figures/Fig5_corr_2014.png Graphic file (type png)
<use Figures/Fig5_corr_2014.png>
Package pdftex.def Info: Figures/Fig5_corr_2014.png  used on input line 168.
(pdftex.def)             Requested size: 338.58632pt x 203.40027pt.
<Figures/Fig5_corr_2014_Es1.png, id=48, 362.007pt x 217.248pt>
File: Figures/Fig5_corr_2014_Es1.png Graphic file (type png)
<use Figures/Fig5_corr_2014_Es1.png>
Package pdftex.def Info: Figures/Fig5_corr_2014_Es1.png  used on input line 170
.
(pdftex.def)             Requested size: 338.58632pt x 203.19545pt.
<Figures/Fig5_corr_2014_Es1_V2.png, id=49, 362.007pt x 217.467pt>
File: Figures/Fig5_corr_2014_Es1_V2.png Graphic file (type png)
<use Figures/Fig5_corr_2014_Es1_V2.png>
Package pdftex.def Info: Figures/Fig5_corr_2014_Es1_V2.png  used on input line 
173.
(pdftex.def)             Requested size: 338.58632pt x 203.40027pt.
 [5 <./Figures/Gamma_comparison_deciles.png> <./Figures/Gamma_differences_decil
es.png> <./Figures/Gamma_comparisons.png> <./Figures/Gamma_differences.png>] [6
]
Overfull \vbox (29.76125pt too high) has occurred while \output is active []


[7 <./Figures/Fig5_corr_2014.png> <./Figures/Fig5_corr_2014_Es1.png> <./Figures
/Fig5_corr_2014_Es1_V2.png>] (main.aux) ) 
Here is how much of TeX's memory you used:
 5167 strings out of 478773
 90805 string characters out of 2857773
 394635 words of memory out of 3000000
 23099 multiletter control sequences out of 15000+600000
 409774 words of font info for 52 fonts, out of 8000000 for 9000
 1141 hyphenation exceptions out of 8191
 69i,11n,79p,475b,432s stack positions out of 5000i,500n,10000p,200000b,80000s
 <C:\Users\galli\AppData\Local\MiKTeX\
fonts/pk/ljfour/jknappen/ec/dpi600\tcrm1000.pk><C:/Program Files/MiKTeX/fonts/t
ype1/public/amsfonts/cm/cmbx12.pfb><C:/Program Files/MiKTeX/fonts/type1/public/
amsfonts/cm/cmmi10.pfb><C:/Program Files/MiKTeX/fonts/type1/public/amsfonts/cm/
cmmi6.pfb><C:/Program Files/MiKTeX/fonts/type1/public/amsfonts/cm/cmmi7.pfb><C:
/Program Files/MiKTeX/fonts/type1/public/amsfonts/cm/cmmi8.pfb><C:/Program File
s/MiKTeX/fonts/type1/public/amsfonts/cm/cmr10.pfb><C:/Program Files/MiKTeX/font
s/type1/public/amsfonts/cm/cmr8.pfb><C:/Program Files/MiKTeX/fonts/type1/public
/amsfonts/cm/cmsy8.pfb><C:/Program Files/MiKTeX/fonts/type1/public/amsfonts/sym
bols/msbm10.pfb>
Output written on main.pdf (7 pages, 1278102 bytes).
PDF statistics:
 114 PDF objects out of 1000 (max. 8388607)
 0 named destinations out of 1000 (max. 500000)
 96 words of extra memory for PDF output out of 10000 (max. 10000000)

